2018-07-21 10:18:12,337 INFO  [org.jboss.modules] (main) JBoss Modules version 1.7.0.Final
2018-07-21 10:18:13,773 INFO  [org.jboss.msc] (main) JBoss MSC version 1.3.2.Final
2018-07-21 10:18:13,789 INFO  [org.jboss.threads] (main) JBoss Threads version 2.3.1.Final
2018-07-21 10:18:14,044 INFO  [org.jboss.as] (MSC service thread 1-3) WFLYSRV0049: WildFly Full 12.0.0.Final (WildFly Core 4.0.0.Final) starting
2018-07-21 10:18:14,045 DEBUG [org.jboss.as.config] (MSC service thread 1-3) Configured system properties:
	awt.toolkit = sun.awt.X11.XToolkit
	file.encoding = UTF-8
	file.encoding.pkg = sun.io
	file.separator = /
	java.awt.graphicsenv = sun.awt.X11GraphicsEnvironment
	java.awt.headless = true
	java.awt.printerjob = sun.print.PSPrinterJob
	java.class.path = /home/danilo/dev/middleware/wildfly-12.0.0.Final/jboss-modules.jar:/home/danilo/dev/java/jdk1.8.0_181/jre/lib/resources.jar:/home/danilo/dev/java/jdk1.8.0_181/jre/lib/rt.jar:/home/danilo/dev/java/jdk1.8.0_181/jre/lib/jsse.jar:/home/danilo/dev/java/jdk1.8.0_181/jre/lib/jce.jar:/home/danilo/dev/java/jdk1.8.0_181/jre/lib/charsets.jar:/home/danilo/dev/java/jdk1.8.0_181/jre/lib/jfr.jar
	java.class.version = 52.0
	java.endorsed.dirs = /home/danilo/dev/java/jdk1.8.0_181/jre/lib/endorsed
	java.ext.dirs = /home/danilo/dev/java/jdk1.8.0_181/jre/lib/ext:/usr/java/packages/lib/ext
	java.home = /home/danilo/dev/java/jdk1.8.0_181/jre
	java.io.tmpdir = /tmp
	java.library.path = /usr/java/packages/lib/amd64:/usr/lib64:/lib64:/lib:/usr/lib
	java.net.preferIPv4Stack = true
	java.runtime.name = Java(TM) SE Runtime Environment
	java.runtime.version = 1.8.0_181-b13
	java.specification.name = Java Platform API Specification
	java.specification.vendor = Oracle Corporation
	java.specification.version = 1.8
	java.util.logging.manager = org.jboss.logmanager.LogManager
	java.vendor = Oracle Corporation
	java.vendor.url = http://java.oracle.com/
	java.vendor.url.bug = http://bugreport.sun.com/bugreport/
	java.version = 1.8.0_181
	java.vm.info = mixed mode
	java.vm.name = Java HotSpot(TM) 64-Bit Server VM
	java.vm.specification.name = Java Virtual Machine Specification
	java.vm.specification.vendor = Oracle Corporation
	java.vm.specification.version = 1.8
	java.vm.vendor = Oracle Corporation
	java.vm.version = 25.181-b13
	javax.management.builder.initial = org.jboss.as.jmx.PluggableMBeanServerBuilder
	javax.xml.datatype.DatatypeFactory = __redirected.__DatatypeFactory
	javax.xml.parsers.DocumentBuilderFactory = __redirected.__DocumentBuilderFactory
	javax.xml.parsers.SAXParserFactory = __redirected.__SAXParserFactory
	javax.xml.stream.XMLEventFactory = __redirected.__XMLEventFactory
	javax.xml.stream.XMLInputFactory = __redirected.__XMLInputFactory
	javax.xml.stream.XMLOutputFactory = __redirected.__XMLOutputFactory
	javax.xml.transform.TransformerFactory = __redirected.__TransformerFactory
	javax.xml.validation.SchemaFactory:http://www.w3.org/2001/XMLSchema = __redirected.__SchemaFactory
	javax.xml.xpath.XPathFactory:http://java.sun.com/jaxp/xpath/dom = __redirected.__XPathFactory
	jboss.bind.address = localhost
	jboss.bind.address.management = localhost
	jboss.home.dir = /home/danilo/dev/middleware/wildfly-12.0.0.Final
	jboss.host.name = danilo-inspiron-5567
	jboss.modules.dir = /home/danilo/dev/middleware/wildfly-12.0.0.Final/modules
	jboss.modules.system.pkgs = org.jboss.byteman
	jboss.node.name = danilo-inspiron-5567
	jboss.qualified.host.name = danilo-inspiron-5567
	jboss.server.base.dir = /home/danilo/dev/middleware/wildfly-12.0.0.Final/standalone
	jboss.server.config.dir = /home/danilo/dev/middleware/wildfly-12.0.0.Final/standalone/configuration
	jboss.server.data.dir = /home/danilo/dev/middleware/wildfly-12.0.0.Final/standalone/data
	jboss.server.deploy.dir = /home/danilo/dev/middleware/wildfly-12.0.0.Final/standalone/data/content
	jboss.server.log.dir = /home/danilo/dev/middleware/wildfly-12.0.0.Final/standalone/log
	jboss.server.name = danilo-inspiron-5567
	jboss.server.persist.config = true
	jboss.server.temp.dir = /home/danilo/dev/middleware/wildfly-12.0.0.Final/standalone/tmp
	line.separator = 

	logging.configuration = file:/home/danilo/dev/middleware/wildfly-12.0.0.Final/standalone/configuration/logging.properties
	module.path = /home/danilo/dev/middleware/wildfly-12.0.0.Final/modules
	org.jboss.boot.log.file = /home/danilo/dev/middleware/wildfly-12.0.0.Final/standalone/log/boot.log
	org.jboss.logmanager.nocolor = true
	org.jboss.resolver.warning = true
	org.xml.sax.driver = __redirected.__XMLReaderFactory
	os.arch = amd64
	os.name = Linux
	os.version = 4.13.0-39-generic
	path.separator = :
	program.name = JBossTools: WildFly 12
	sun.arch.data.model = 64
	sun.boot.class.path = /home/danilo/dev/java/jdk1.8.0_181/jre/lib/resources.jar:/home/danilo/dev/java/jdk1.8.0_181/jre/lib/rt.jar:/home/danilo/dev/java/jdk1.8.0_181/jre/lib/sunrsasign.jar:/home/danilo/dev/java/jdk1.8.0_181/jre/lib/jsse.jar:/home/danilo/dev/java/jdk1.8.0_181/jre/lib/jce.jar:/home/danilo/dev/java/jdk1.8.0_181/jre/lib/charsets.jar:/home/danilo/dev/java/jdk1.8.0_181/jre/lib/jfr.jar:/home/danilo/dev/java/jdk1.8.0_181/jre/classes
	sun.boot.library.path = /home/danilo/dev/java/jdk1.8.0_181/jre/lib/amd64
	sun.cpu.endian = little
	sun.cpu.isalist = 
	sun.desktop = gnome
	sun.io.unicode.encoding = UnicodeLittle
	sun.java.command = org.jboss.modules.Main -mp /home/danilo/dev/middleware/wildfly-12.0.0.Final/modules org.jboss.as.standalone -b localhost --server-config=standalone.xml -Djboss.server.base.dir=/home/danilo/dev/middleware/wildfly-12.0.0.Final/standalone
	sun.java.launcher = SUN_STANDARD
	sun.jnu.encoding = UTF-8
	sun.management.compiler = HotSpot 64-Bit Tiered Compilers
	sun.os.patch.level = unknown
	sun.rmi.dgc.client.gcInterval = 3600000
	sun.rmi.dgc.server.gcInterval = 3600000
	user.country = BR
	user.dir = /home/danilo/dev/middleware/wildfly-12.0.0.Final/bin
	user.home = /home/danilo
	user.language = pt
	user.name = danilo
	user.timezone = America/Sao_Paulo
2018-07-21 10:18:14,046 DEBUG [org.jboss.as.config] (MSC service thread 1-3) VM Arguments: -Dprogram.name=JBossTools: WildFly 12 -Xms64m -Xmx512m -Dorg.jboss.resolver.warning=true -Djava.net.preferIPv4Stack=true -Dsun.rmi.dgc.client.gcInterval=3600000 -Dsun.rmi.dgc.server.gcInterval=3600000 -Djboss.modules.system.pkgs=org.jboss.byteman -Djava.awt.headless=true -Dorg.jboss.boot.log.file=/home/danilo/dev/middleware/wildfly-12.0.0.Final/standalone/log/boot.log -Dlogging.configuration=file:/home/danilo/dev/middleware/wildfly-12.0.0.Final/standalone/configuration/logging.properties -Djboss.home.dir=/home/danilo/dev/middleware/wildfly-12.0.0.Final -Dorg.jboss.logmanager.nocolor=true -Djboss.bind.address.management=localhost -Dfile.encoding=UTF-8 
2018-07-21 10:18:20,540 INFO  [org.jboss.as.controller.management-deprecated] (Controller Boot Thread) WFLYCTL0028: Attribute 'security-realm' in the resource at address '/core-service=management/management-interface=http-interface' is deprecated, and may be removed in a future version. See the attribute description in the output of the read-resource-description operation to learn more about the deprecation.
2018-07-21 10:18:20,589 INFO  [org.jboss.as.controller.management-deprecated] (ServerService Thread Pool -- 28) WFLYCTL0028: Attribute 'security-realm' in the resource at address '/subsystem=undertow/server=default-server/https-listener=https' is deprecated, and may be removed in a future version. See the attribute description in the output of the read-resource-description operation to learn more about the deprecation.
2018-07-21 10:18:20,585 INFO  [org.jboss.as.server.deployment.scanner] (DeploymentScanner-threads - 1) WFLYDS0004: Found Bank-ear.ear in deployment directory. To trigger deployment create a file called Bank-ear.ear.dodeploy
2018-07-21 10:18:20,625 INFO  [org.wildfly.security] (ServerService Thread Pool -- 3) ELY00001: WildFly Elytron version 1.2.2.Final
2018-07-21 10:18:20,733 INFO  [org.jboss.as.server] (Controller Boot Thread) WFLYSRV0039: Creating http management service using socket-binding (management-http)
2018-07-21 10:18:20,767 INFO  [org.xnio] (MSC service thread 1-8) XNIO version 3.6.2.Final
2018-07-21 10:18:20,796 INFO  [org.xnio.nio] (MSC service thread 1-8) XNIO NIO Implementation Version 3.6.2.Final
2018-07-21 10:18:20,886 INFO  [org.jboss.remoting] (MSC service thread 1-2) JBoss Remoting version 5.0.5.Final
